<?xml version="1.0" encoding="UTF-8"?>
<!-- Generated by org.testng.reporters.JUnitReportReporter -->
<testsuite ignored="0" hostname="DESKTOP-0F2GFQ6" failures="0" tests="1" name="Test1.NewTest2" time="6.824" errors="0" timestamp="21 Jul 2024 20:10:27 GMT" skipped="0">
  <testcase classname="Test1.NewTest2" name="f" time="6.824"/>
</testsuite> <!-- Test1.NewTest2 -->
